<?xml version="1.0" encoding="UTF-8"?>
<testng-results ignored="0" total="1" passed="1" failed="0" skipped="0">
  <reporter-output>
  </reporter-output>
  <suite started-at="2024-12-13T18:53:26 IST" name="Suite" finished-at="2024-12-13T18:53:45 IST" duration-ms="18884">
    <groups>
    </groups>
    <test started-at="2024-12-13T18:53:26 IST" name="Test" finished-at="2024-12-13T18:53:45 IST" duration-ms="18884">
      <class name="POMClass.OrangeLogin">
        <test-method is-config="true" signature="ViewPortal()[pri:0, instance:POMClass.OrangeLogin@1c39680d]" started-at="2024-12-13T18:53:26 IST" name="ViewPortal" finished-at="2024-12-13T18:53:35 IST" duration-ms="8463" status="PASS">
          <reporter-output>
          </reporter-output>
        </test-method> <!-- ViewPortal -->
        <test-method signature="POM()[pri:0, instance:POMClass.OrangeLogin@1c39680d]" started-at="2024-12-13T18:53:35 IST" name="POM" finished-at="2024-12-13T18:53:45 IST" duration-ms="10060" status="PASS">
          <reporter-output>
          </reporter-output>
        </test-method> <!-- POM -->
        <test-method is-config="true" signature="logOut()[pri:0, instance:POMClass.OrangeLogin@1c39680d]" started-at="2024-12-13T18:53:45 IST" name="logOut" finished-at="2024-12-13T18:53:45 IST" duration-ms="156" status="PASS">
          <reporter-output>
          </reporter-output>
        </test-method> <!-- logOut -->
      </class> <!-- POMClass.OrangeLogin -->
    </test> <!-- Test -->
  </suite> <!-- Suite -->
</testng-results>
